<?xml version="1.0" encoding="UTF-8"?>
<testsuite xmlns:xsi="http://www.w3.org/2001/XMLSchema-instance" xsi:noNamespaceSchemaLocation="https://maven.apache.org/surefire/maven-surefire-plugin/xsd/surefire-test-report.xsd" version="3.0.1" name="TestingProjects.DemoQA.AppTest" time="0.105" tests="1" errors="0" skipped="0" failures="0">
  <properties>
    <property name="java.specification.version" value="21"/>
    <property name="sun.jnu.encoding" value="UTF-8"/>
    <property name="java.class.path" value="/Users/praveen-23755/eclipse-workspace/DemoQA/target/test-classes:/Users/praveen-23755/eclipse-workspace/DemoQA/target/classes:/Users/praveen-23755/.m2/repository/org/junit/jupiter/junit-jupiter-api/5.11.0/junit-jupiter-api-5.11.0.jar:/Users/praveen-23755/.m2/repository/org/opentest4j/opentest4j/1.3.0/opentest4j-1.3.0.jar:/Users/praveen-23755/.m2/repository/org/junit/platform/junit-platform-commons/1.11.0/junit-platform-commons-1.11.0.jar:/Users/praveen-23755/.m2/repository/org/apiguardian/apiguardian-api/1.1.2/apiguardian-api-1.1.2.jar:/Users/praveen-23755/.m2/repository/org/junit/jupiter/junit-jupiter-params/5.11.0/junit-jupiter-params-5.11.0.jar:/Users/praveen-23755/.m2/repository/org/seleniumhq/selenium/selenium-java/4.19.1/selenium-java-4.19.1.jar:/Users/praveen-23755/.m2/repository/org/seleniumhq/selenium/selenium-api/4.19.1/selenium-api-4.19.1.jar:/Users/praveen-23755/.m2/repository/org/seleniumhq/selenium/selenium-chrome-driver/4.19.1/selenium-chrome-driver-4.19.1.jar:/Users/praveen-23755/.m2/repository/com/google/auto/service/auto-service-annotations/1.1.1/auto-service-annotations-1.1.1.jar:/Users/praveen-23755/.m2/repository/org/seleniumhq/selenium/selenium-chromium-driver/4.19.1/selenium-chromium-driver-4.19.1.jar:/Users/praveen-23755/.m2/repository/org/seleniumhq/selenium/selenium-json/4.19.1/selenium-json-4.19.1.jar:/Users/praveen-23755/.m2/repository/org/seleniumhq/selenium/selenium-manager/4.19.1/selenium-manager-4.19.1.jar:/Users/praveen-23755/.m2/repository/org/seleniumhq/selenium/selenium-devtools-v121/4.19.1/selenium-devtools-v121-4.19.1.jar:/Users/praveen-23755/.m2/repository/org/seleniumhq/selenium/selenium-devtools-v122/4.19.1/selenium-devtools-v122-4.19.1.jar:/Users/praveen-23755/.m2/repository/org/seleniumhq/selenium/selenium-devtools-v123/4.19.1/selenium-devtools-v123-4.19.1.jar:/Users/praveen-23755/.m2/repository/org/seleniumhq/selenium/selenium-devtools-v85/4.19.1/selenium-devtools-v85-4.19.1.jar:/Users/praveen-23755/.m2/repository/org/seleniumhq/selenium/selenium-edge-driver/4.19.1/selenium-edge-driver-4.19.1.jar:/Users/praveen-23755/.m2/repository/org/seleniumhq/selenium/selenium-firefox-driver/4.19.1/selenium-firefox-driver-4.19.1.jar:/Users/praveen-23755/.m2/repository/org/seleniumhq/selenium/selenium-http/4.19.1/selenium-http-4.19.1.jar:/Users/praveen-23755/.m2/repository/dev/failsafe/failsafe/3.3.2/failsafe-3.3.2.jar:/Users/praveen-23755/.m2/repository/org/seleniumhq/selenium/selenium-ie-driver/4.19.1/selenium-ie-driver-4.19.1.jar:/Users/praveen-23755/.m2/repository/org/seleniumhq/selenium/selenium-remote-driver/4.19.1/selenium-remote-driver-4.19.1.jar:/Users/praveen-23755/.m2/repository/com/google/guava/guava/33.1.0-jre/guava-33.1.0-jre.jar:/Users/praveen-23755/.m2/repository/com/google/guava/failureaccess/1.0.2/failureaccess-1.0.2.jar:/Users/praveen-23755/.m2/repository/com/google/guava/listenablefuture/9999.0-empty-to-avoid-conflict-with-guava/listenablefuture-9999.0-empty-to-avoid-conflict-with-guava.jar:/Users/praveen-23755/.m2/repository/com/google/code/findbugs/jsr305/3.0.2/jsr305-3.0.2.jar:/Users/praveen-23755/.m2/repository/org/checkerframework/checker-qual/3.42.0/checker-qual-3.42.0.jar:/Users/praveen-23755/.m2/repository/com/google/errorprone/error_prone_annotations/2.26.1/error_prone_annotations-2.26.1.jar:/Users/praveen-23755/.m2/repository/com/google/j2objc/j2objc-annotations/3.0.0/j2objc-annotations-3.0.0.jar:/Users/praveen-23755/.m2/repository/io/opentelemetry/semconv/opentelemetry-semconv/1.23.1-alpha/opentelemetry-semconv-1.23.1-alpha.jar:/Users/praveen-23755/.m2/repository/io/opentelemetry/opentelemetry-api/1.36.0/opentelemetry-api-1.36.0.jar:/Users/praveen-23755/.m2/repository/io/opentelemetry/opentelemetry-context/1.36.0/opentelemetry-context-1.36.0.jar:/Users/praveen-23755/.m2/repository/io/opentelemetry/opentelemetry-exporter-logging/1.36.0/opentelemetry-exporter-logging-1.36.0.jar:/Users/praveen-23755/.m2/repository/io/opentelemetry/opentelemetry-sdk-common/1.36.0/opentelemetry-sdk-common-1.36.0.jar:/Users/praveen-23755/.m2/repository/io/opentelemetry/opentelemetry-sdk-extension-autoconfigure-spi/1.36.0/opentelemetry-sdk-extension-autoconfigure-spi-1.36.0.jar:/Users/praveen-23755/.m2/repository/io/opentelemetry/opentelemetry-sdk-extension-autoconfigure/1.36.0/opentelemetry-sdk-extension-autoconfigure-1.36.0.jar:/Users/praveen-23755/.m2/repository/io/opentelemetry/opentelemetry-api-events/1.36.0-alpha/opentelemetry-api-events-1.36.0-alpha.jar:/Users/praveen-23755/.m2/repository/io/opentelemetry/opentelemetry-sdk-trace/1.36.0/opentelemetry-sdk-trace-1.36.0.jar:/Users/praveen-23755/.m2/repository/io/opentelemetry/opentelemetry-extension-incubator/1.36.0-alpha/opentelemetry-extension-incubator-1.36.0-alpha.jar:/Users/praveen-23755/.m2/repository/io/opentelemetry/opentelemetry-sdk/1.36.0/opentelemetry-sdk-1.36.0.jar:/Users/praveen-23755/.m2/repository/io/opentelemetry/opentelemetry-sdk-metrics/1.36.0/opentelemetry-sdk-metrics-1.36.0.jar:/Users/praveen-23755/.m2/repository/io/opentelemetry/opentelemetry-sdk-logs/1.36.0/opentelemetry-sdk-logs-1.36.0.jar:/Users/praveen-23755/.m2/repository/net/bytebuddy/byte-buddy/1.14.12/byte-buddy-1.14.12.jar:/Users/praveen-23755/.m2/repository/org/seleniumhq/selenium/selenium-os/4.19.1/selenium-os-4.19.1.jar:/Users/praveen-23755/.m2/repository/org/apache/commons/commons-exec/1.3/commons-exec-1.3.jar:/Users/praveen-23755/.m2/repository/org/seleniumhq/selenium/selenium-safari-driver/4.19.1/selenium-safari-driver-4.19.1.jar:/Users/praveen-23755/.m2/repository/org/seleniumhq/selenium/selenium-support/4.19.1/selenium-support-4.19.1.jar:"/>
    <property name="java.vm.vendor" value="Eclipse Adoptium"/>
    <property name="sun.arch.data.model" value="64"/>
    <property name="java.vendor.url" value="https://adoptium.net/"/>
    <property name="os.name" value="Mac OS X"/>
    <property name="java.vm.specification.version" value="21"/>
    <property name="sun.java.launcher" value="SUN_STANDARD"/>
    <property name="user.country" value="IN"/>
    <property name="sun.boot.library.path" value="/Users/praveen-23755/.p2/pool/plugins/org.eclipse.justj.openjdk.hotspot.jre.full.macosx.x86_64_21.0.7.v20250502-0916/jre/lib"/>
    <property name="sun.java.command" value="/Users/praveen-23755/eclipse-workspace/DemoQA/target/surefire/surefirebooter-20250625182253194_3.jar /Users/praveen-23755/eclipse-workspace/DemoQA/target/surefire 2025-06-25T18-22-50_896-jvmRun1 surefire-20250625182253194_1tmp surefire_0-20250625182253194_2tmp"/>
    <property name="http.nonProxyHosts" value="127.0.0.1|127.0.0.0/8|*.127.0.0.0/8|::1|zohomeeting.com|*.zohomeeting.com|zohoassist.com|*.zohoassist.com|avcliq.zoho.com|*.avcliq.zoho.com|zohomeeting.com|*.zohomeeting.com|zohoassist.com|*.zohoassist.com|zohopublic.com|*.zohopublic.com|zohopublic.in|*.zohopublic.in|zohopublic.eu|*.zohopublic.eu|zohopublic.com.au|*.zohopublic.com.au|zohopublic.jp|*.zohopublic.jp|zohopublic.ca|*.zohopublic.ca|zohopublic.sa|*.zohopublic.sa|us4-wss-accl.zoho.com|*.us4-wss-accl.zoho.com|us4-wss.zoho.com|*.us4-wss.zoho.com|us3-wss-accl.zoho.com|*.us3-wss-accl.zoho.com|us3-wss.zoho.com|*.us3-wss.zoho.com|in2-wss.zoho.in|*.in2-wss.zoho.in|in1-wss.zoho.in|*.in1-wss.zoho.in|eu1-wss.zoho.eu|*.eu1-wss.zoho.eu|eu2-wss.zoho.eu|*.eu2-wss.zoho.eu|cn2-wss.zoho.com.cn|*.cn2-wss.zoho.com.cn|cn3-wss.zoho.com.cn|*.cn3-wss.zoho.com.cn|au1-wss.zoho.com.au|*.au1-wss.zoho.com.au|au2-wss.zoho.com.au|*.au2-wss.zoho.com.au|jp1-wss.zoho.jp|*.jp1-wss.zoho.jp|jp2-wss.zoho.jp|*.jp2-wss.zoho.jp|ca1-wss.zohocloud.ca|*.ca1-wss.zohocloud.ca|ca2-wss.zohocloud.ca|*.ca2-wss.zohocloud.ca|sa1-wss.zoho.sa|*.sa1-wss.zoho.sa|sa2-wss.zoho.sa|*.sa2-wss.zoho.sa|in1-wss.arattai.in|*.in1-wss.arattai.in|in2-wss.arattai.in|*.in2-wss.arattai.in|preus4-wss.zoho.com|*.preus4-wss.zoho.com|preus3-wss.zoho.com|*.preus3-wss.zoho.com|us4-wss-pop.zoho.com|*.us4-wss-pop.zoho.com|us3-wss-pop.zoho.com|*.us3-wss-pop.zoho.com|in2-wss-pop.zoho.in|*.in2-wss-pop.zoho.in|in1-wss-pop.zoho.in|*.in1-wss-pop.zoho.in|eu1-wss-pop.zoho.eu|*.eu1-wss-pop.zoho.eu|eu2-wss-pop.zoho.eu|*.eu2-wss-pop.zoho.eu|cn2-wss-pop.zoho.com.cn|*.cn2-wss-pop.zoho.com.cn|cn3-wss-pop.zoho.com.cn|*.cn3-wss-pop.zoho.com.cn|au1-wss-pop.zoho.com.au|*.au1-wss-pop.zoho.com.au|au2-wss-pop.zoho.com.au|*.au2-wss-pop.zoho.com.au|jp1-wss-pop.zoho.jp|*.jp1-wss-pop.zoho.jp|jp2-wss-pop.zoho.jp|*.jp2-wss-pop.zoho.jp|ca1-wss-pop.zohocloud.ca|*.ca1-wss-pop.zohocloud.ca|ca2-wss-pop.zohocloud.ca|*.ca2-wss-pop.zohocloud.ca|sa1-wss-pop.zoho.sa|*.sa1-wss-pop.zoho.sa|sa2-wss-pop.zoho.sa|*.sa2-wss-pop.zoho.sa|in2-prewss-pop.zoho.in|*.in2-prewss-pop.zoho.in|in1-prewss-pop.zoho.in|*.in1-prewss-pop.zoho.in|us4-wss-vod.zoho.com|*.us4-wss-vod.zoho.com|us3-wss-vod.zoho.com|*.us3-wss-vod.zoho.com|in2-wss-vod.zoho.in|*.in2-wss-vod.zoho.in|in1-wss-vod.zoho.in|*.in1-wss-vod.zoho.in|eu1-wss-vod.zoho.eu|*.eu1-wss-vod.zoho.eu|eu2-wss-vod.zoho.eu|*.eu2-wss-vod.zoho.eu|cn2-wss-vod.zoho.com.cn|*.cn2-wss-vod.zoho.com.cn|cn3-wss-vod.zoho.com.cn|*.cn3-wss-vod.zoho.com.cn|au1-wss-vod.zoho.com.au|*.au1-wss-vod.zoho.com.au|au2-wss-vod.zoho.com.au|*.au2-wss-vod.zoho.com.au|jp1-wss-vod.zoho.jp|*.jp1-wss-vod.zoho.jp|jp2-wss-vod.zoho.jp|*.jp2-wss-vod.zoho.jp|ca1-wss-vod.zohocloud.ca|*.ca1-wss-vod.zohocloud.ca|ca2-wss-vod.zohocloud.ca|*.ca2-wss-vod.zohocloud.ca|sa1-wss-vod.zoho.sa|*.sa1-wss-vod.zoho.sa|sa2-wss-vod.zoho.sa|*.sa2-wss-vod.zoho.sa|in1-wss-vod.arattai.in|*.in1-wss-vod.arattai.in|in2-wss-vod.arattai.in|*.in2-wss-vod.arattai.in|us4-prewss-vod.zoho.com|*.us4-prewss-vod.zoho.com|us3-prewss-vod.zoho.com|*.us3-prewss-vod.zoho.com|zohoconference.com|*.zohoconference.com"/>
    <property name="jdk.debug" value="release"/>
    <property name="surefire.test.class.path" value="/Users/praveen-23755/eclipse-workspace/DemoQA/target/test-classes:/Users/praveen-23755/eclipse-workspace/DemoQA/target/classes:/Users/praveen-23755/.m2/repository/org/junit/jupiter/junit-jupiter-api/5.11.0/junit-jupiter-api-5.11.0.jar:/Users/praveen-23755/.m2/repository/org/opentest4j/opentest4j/1.3.0/opentest4j-1.3.0.jar:/Users/praveen-23755/.m2/repository/org/junit/platform/junit-platform-commons/1.11.0/junit-platform-commons-1.11.0.jar:/Users/praveen-23755/.m2/repository/org/apiguardian/apiguardian-api/1.1.2/apiguardian-api-1.1.2.jar:/Users/praveen-23755/.m2/repository/org/junit/jupiter/junit-jupiter-params/5.11.0/junit-jupiter-params-5.11.0.jar:/Users/praveen-23755/.m2/repository/org/seleniumhq/selenium/selenium-java/4.19.1/selenium-java-4.19.1.jar:/Users/praveen-23755/.m2/repository/org/seleniumhq/selenium/selenium-api/4.19.1/selenium-api-4.19.1.jar:/Users/praveen-23755/.m2/repository/org/seleniumhq/selenium/selenium-chrome-driver/4.19.1/selenium-chrome-driver-4.19.1.jar:/Users/praveen-23755/.m2/repository/com/google/auto/service/auto-service-annotations/1.1.1/auto-service-annotations-1.1.1.jar:/Users/praveen-23755/.m2/repository/org/seleniumhq/selenium/selenium-chromium-driver/4.19.1/selenium-chromium-driver-4.19.1.jar:/Users/praveen-23755/.m2/repository/org/seleniumhq/selenium/selenium-json/4.19.1/selenium-json-4.19.1.jar:/Users/praveen-23755/.m2/repository/org/seleniumhq/selenium/selenium-manager/4.19.1/selenium-manager-4.19.1.jar:/Users/praveen-23755/.m2/repository/org/seleniumhq/selenium/selenium-devtools-v121/4.19.1/selenium-devtools-v121-4.19.1.jar:/Users/praveen-23755/.m2/repository/org/seleniumhq/selenium/selenium-devtools-v122/4.19.1/selenium-devtools-v122-4.19.1.jar:/Users/praveen-23755/.m2/repository/org/seleniumhq/selenium/selenium-devtools-v123/4.19.1/selenium-devtools-v123-4.19.1.jar:/Users/praveen-23755/.m2/repository/org/seleniumhq/selenium/selenium-devtools-v85/4.19.1/selenium-devtools-v85-4.19.1.jar:/Users/praveen-23755/.m2/repository/org/seleniumhq/selenium/selenium-edge-driver/4.19.1/selenium-edge-driver-4.19.1.jar:/Users/praveen-23755/.m2/repository/org/seleniumhq/selenium/selenium-firefox-driver/4.19.1/selenium-firefox-driver-4.19.1.jar:/Users/praveen-23755/.m2/repository/org/seleniumhq/selenium/selenium-http/4.19.1/selenium-http-4.19.1.jar:/Users/praveen-23755/.m2/repository/dev/failsafe/failsafe/3.3.2/failsafe-3.3.2.jar:/Users/praveen-23755/.m2/repository/org/seleniumhq/selenium/selenium-ie-driver/4.19.1/selenium-ie-driver-4.19.1.jar:/Users/praveen-23755/.m2/repository/org/seleniumhq/selenium/selenium-remote-driver/4.19.1/selenium-remote-driver-4.19.1.jar:/Users/praveen-23755/.m2/repository/com/google/guava/guava/33.1.0-jre/guava-33.1.0-jre.jar:/Users/praveen-23755/.m2/repository/com/google/guava/failureaccess/1.0.2/failureaccess-1.0.2.jar:/Users/praveen-23755/.m2/repository/com/google/guava/listenablefuture/9999.0-empty-to-avoid-conflict-with-guava/listenablefuture-9999.0-empty-to-avoid-conflict-with-guava.jar:/Users/praveen-23755/.m2/repository/com/google/code/findbugs/jsr305/3.0.2/jsr305-3.0.2.jar:/Users/praveen-23755/.m2/repository/org/checkerframework/checker-qual/3.42.0/checker-qual-3.42.0.jar:/Users/praveen-23755/.m2/repository/com/google/errorprone/error_prone_annotations/2.26.1/error_prone_annotations-2.26.1.jar:/Users/praveen-23755/.m2/repository/com/google/j2objc/j2objc-annotations/3.0.0/j2objc-annotations-3.0.0.jar:/Users/praveen-23755/.m2/repository/io/opentelemetry/semconv/opentelemetry-semconv/1.23.1-alpha/opentelemetry-semconv-1.23.1-alpha.jar:/Users/praveen-23755/.m2/repository/io/opentelemetry/opentelemetry-api/1.36.0/opentelemetry-api-1.36.0.jar:/Users/praveen-23755/.m2/repository/io/opentelemetry/opentelemetry-context/1.36.0/opentelemetry-context-1.36.0.jar:/Users/praveen-23755/.m2/repository/io/opentelemetry/opentelemetry-exporter-logging/1.36.0/opentelemetry-exporter-logging-1.36.0.jar:/Users/praveen-23755/.m2/repository/io/opentelemetry/opentelemetry-sdk-common/1.36.0/opentelemetry-sdk-common-1.36.0.jar:/Users/praveen-23755/.m2/repository/io/opentelemetry/opentelemetry-sdk-extension-autoconfigure-spi/1.36.0/opentelemetry-sdk-extension-autoconfigure-spi-1.36.0.jar:/Users/praveen-23755/.m2/repository/io/opentelemetry/opentelemetry-sdk-extension-autoconfigure/1.36.0/opentelemetry-sdk-extension-autoconfigure-1.36.0.jar:/Users/praveen-23755/.m2/repository/io/opentelemetry/opentelemetry-api-events/1.36.0-alpha/opentelemetry-api-events-1.36.0-alpha.jar:/Users/praveen-23755/.m2/repository/io/opentelemetry/opentelemetry-sdk-trace/1.36.0/opentelemetry-sdk-trace-1.36.0.jar:/Users/praveen-23755/.m2/repository/io/opentelemetry/opentelemetry-extension-incubator/1.36.0-alpha/opentelemetry-extension-incubator-1.36.0-alpha.jar:/Users/praveen-23755/.m2/repository/io/opentelemetry/opentelemetry-sdk/1.36.0/opentelemetry-sdk-1.36.0.jar:/Users/praveen-23755/.m2/repository/io/opentelemetry/opentelemetry-sdk-metrics/1.36.0/opentelemetry-sdk-metrics-1.36.0.jar:/Users/praveen-23755/.m2/repository/io/opentelemetry/opentelemetry-sdk-logs/1.36.0/opentelemetry-sdk-logs-1.36.0.jar:/Users/praveen-23755/.m2/repository/net/bytebuddy/byte-buddy/1.14.12/byte-buddy-1.14.12.jar:/Users/praveen-23755/.m2/repository/org/seleniumhq/selenium/selenium-os/4.19.1/selenium-os-4.19.1.jar:/Users/praveen-23755/.m2/repository/org/apache/commons/commons-exec/1.3/commons-exec-1.3.jar:/Users/praveen-23755/.m2/repository/org/seleniumhq/selenium/selenium-safari-driver/4.19.1/selenium-safari-driver-4.19.1.jar:/Users/praveen-23755/.m2/repository/org/seleniumhq/selenium/selenium-support/4.19.1/selenium-support-4.19.1.jar:"/>
    <property name="sun.cpu.endian" value="little"/>
    <property name="user.home" value="/Users/praveen-23755"/>
    <property name="user.language" value="en"/>
    <property name="java.specification.vendor" value="Oracle Corporation"/>
    <property name="java.version.date" value="2025-04-15"/>
    <property name="java.home" value="/Users/praveen-23755/.p2/pool/plugins/org.eclipse.justj.openjdk.hotspot.jre.full.macosx.x86_64_21.0.7.v20250502-0916/jre"/>
    <property name="file.separator" value="/"/>
    <property name="basedir" value="/Users/praveen-23755/eclipse-workspace/DemoQA"/>
    <property name="style.color" value="always"/>
    <property name="java.vm.compressedOopsMode" value="Zero based"/>
    <property name="line.separator" value="&#10;"/>
    <property name="java.vm.specification.vendor" value="Oracle Corporation"/>
    <property name="java.specification.name" value="Java Platform API Specification"/>
    <property name="apple.awt.application.name" value="ForkedBooter"/>
    <property name="surefire.real.class.path" value="/Users/praveen-23755/eclipse-workspace/DemoQA/target/surefire/surefirebooter-20250625182253194_3.jar"/>
    <property name="sun.management.compiler" value="HotSpot 64-Bit Tiered Compilers"/>
    <property name="ftp.nonProxyHosts" value="127.0.0.1|127.0.0.0/8|*.127.0.0.0/8|::1|zohomeeting.com|*.zohomeeting.com|zohoassist.com|*.zohoassist.com|avcliq.zoho.com|*.avcliq.zoho.com|zohomeeting.com|*.zohomeeting.com|zohoassist.com|*.zohoassist.com|zohopublic.com|*.zohopublic.com|zohopublic.in|*.zohopublic.in|zohopublic.eu|*.zohopublic.eu|zohopublic.com.au|*.zohopublic.com.au|zohopublic.jp|*.zohopublic.jp|zohopublic.ca|*.zohopublic.ca|zohopublic.sa|*.zohopublic.sa|us4-wss-accl.zoho.com|*.us4-wss-accl.zoho.com|us4-wss.zoho.com|*.us4-wss.zoho.com|us3-wss-accl.zoho.com|*.us3-wss-accl.zoho.com|us3-wss.zoho.com|*.us3-wss.zoho.com|in2-wss.zoho.in|*.in2-wss.zoho.in|in1-wss.zoho.in|*.in1-wss.zoho.in|eu1-wss.zoho.eu|*.eu1-wss.zoho.eu|eu2-wss.zoho.eu|*.eu2-wss.zoho.eu|cn2-wss.zoho.com.cn|*.cn2-wss.zoho.com.cn|cn3-wss.zoho.com.cn|*.cn3-wss.zoho.com.cn|au1-wss.zoho.com.au|*.au1-wss.zoho.com.au|au2-wss.zoho.com.au|*.au2-wss.zoho.com.au|jp1-wss.zoho.jp|*.jp1-wss.zoho.jp|jp2-wss.zoho.jp|*.jp2-wss.zoho.jp|ca1-wss.zohocloud.ca|*.ca1-wss.zohocloud.ca|ca2-wss.zohocloud.ca|*.ca2-wss.zohocloud.ca|sa1-wss.zoho.sa|*.sa1-wss.zoho.sa|sa2-wss.zoho.sa|*.sa2-wss.zoho.sa|in1-wss.arattai.in|*.in1-wss.arattai.in|in2-wss.arattai.in|*.in2-wss.arattai.in|preus4-wss.zoho.com|*.preus4-wss.zoho.com|preus3-wss.zoho.com|*.preus3-wss.zoho.com|us4-wss-pop.zoho.com|*.us4-wss-pop.zoho.com|us3-wss-pop.zoho.com|*.us3-wss-pop.zoho.com|in2-wss-pop.zoho.in|*.in2-wss-pop.zoho.in|in1-wss-pop.zoho.in|*.in1-wss-pop.zoho.in|eu1-wss-pop.zoho.eu|*.eu1-wss-pop.zoho.eu|eu2-wss-pop.zoho.eu|*.eu2-wss-pop.zoho.eu|cn2-wss-pop.zoho.com.cn|*.cn2-wss-pop.zoho.com.cn|cn3-wss-pop.zoho.com.cn|*.cn3-wss-pop.zoho.com.cn|au1-wss-pop.zoho.com.au|*.au1-wss-pop.zoho.com.au|au2-wss-pop.zoho.com.au|*.au2-wss-pop.zoho.com.au|jp1-wss-pop.zoho.jp|*.jp1-wss-pop.zoho.jp|jp2-wss-pop.zoho.jp|*.jp2-wss-pop.zoho.jp|ca1-wss-pop.zohocloud.ca|*.ca1-wss-pop.zohocloud.ca|ca2-wss-pop.zohocloud.ca|*.ca2-wss-pop.zohocloud.ca|sa1-wss-pop.zoho.sa|*.sa1-wss-pop.zoho.sa|sa2-wss-pop.zoho.sa|*.sa2-wss-pop.zoho.sa|in2-prewss-pop.zoho.in|*.in2-prewss-pop.zoho.in|in1-prewss-pop.zoho.in|*.in1-prewss-pop.zoho.in|us4-wss-vod.zoho.com|*.us4-wss-vod.zoho.com|us3-wss-vod.zoho.com|*.us3-wss-vod.zoho.com|in2-wss-vod.zoho.in|*.in2-wss-vod.zoho.in|in1-wss-vod.zoho.in|*.in1-wss-vod.zoho.in|eu1-wss-vod.zoho.eu|*.eu1-wss-vod.zoho.eu|eu2-wss-vod.zoho.eu|*.eu2-wss-vod.zoho.eu|cn2-wss-vod.zoho.com.cn|*.cn2-wss-vod.zoho.com.cn|cn3-wss-vod.zoho.com.cn|*.cn3-wss-vod.zoho.com.cn|au1-wss-vod.zoho.com.au|*.au1-wss-vod.zoho.com.au|au2-wss-vod.zoho.com.au|*.au2-wss-vod.zoho.com.au|jp1-wss-vod.zoho.jp|*.jp1-wss-vod.zoho.jp|jp2-wss-vod.zoho.jp|*.jp2-wss-vod.zoho.jp|ca1-wss-vod.zohocloud.ca|*.ca1-wss-vod.zohocloud.ca|ca2-wss-vod.zohocloud.ca|*.ca2-wss-vod.zohocloud.ca|sa1-wss-vod.zoho.sa|*.sa1-wss-vod.zoho.sa|sa2-wss-vod.zoho.sa|*.sa2-wss-vod.zoho.sa|in1-wss-vod.arattai.in|*.in1-wss-vod.arattai.in|in2-wss-vod.arattai.in|*.in2-wss-vod.arattai.in|us4-prewss-vod.zoho.com|*.us4-prewss-vod.zoho.com|us3-prewss-vod.zoho.com|*.us3-prewss-vod.zoho.com|zohoconference.com|*.zohoconference.com"/>
    <property name="java.runtime.version" value="21.0.7+6-LTS"/>
    <property name="user.name" value="praveen-23755"/>
    <property name="stdout.encoding" value="UTF-8"/>
    <property name="path.separator" value=":"/>
    <property name="os.version" value="15.5"/>
    <property name="java.runtime.name" value="OpenJDK Runtime Environment"/>
    <property name="file.encoding" value="UTF-8"/>
    <property name="java.vm.name" value="OpenJDK 64-Bit Server VM"/>
    <property name="java.vendor.version" value="Temurin-21.0.7+6"/>
    <property name="localRepository" value="/Users/praveen-23755/.m2/repository"/>
    <property name="java.vendor.url.bug" value="https://github.com/adoptium/adoptium-support/issues"/>
    <property name="java.io.tmpdir" value="/var/folders/fg/j5fj449x749bb6_fn51b7wh40000gp/T/"/>
    <property name="java.version" value="21.0.7"/>
    <property name="user.dir" value="/Users/praveen-23755/eclipse-workspace/DemoQA"/>
    <property name="os.arch" value="x86_64"/>
    <property name="java.vm.specification.name" value="Java Virtual Machine Specification"/>
    <property name="native.encoding" value="UTF-8"/>
    <property name="java.library.path" value="/Users/praveen-23755/Library/Java/Extensions:/Library/Java/Extensions:/Network/Library/Java/Extensions:/System/Library/Java/Extensions:/usr/lib/java:."/>
    <property name="java.vm.info" value="mixed mode, sharing"/>
    <property name="stderr.encoding" value="UTF-8"/>
    <property name="java.vendor" value="Eclipse Adoptium"/>
    <property name="java.vm.version" value="21.0.7+6-LTS"/>
    <property name="sun.io.unicode.encoding" value="UnicodeBig"/>
    <property name="socksNonProxyHosts" value="127.0.0.1|127.0.0.0/8|*.127.0.0.0/8|::1|zohomeeting.com|*.zohomeeting.com|zohoassist.com|*.zohoassist.com|avcliq.zoho.com|*.avcliq.zoho.com|zohomeeting.com|*.zohomeeting.com|zohoassist.com|*.zohoassist.com|zohopublic.com|*.zohopublic.com|zohopublic.in|*.zohopublic.in|zohopublic.eu|*.zohopublic.eu|zohopublic.com.au|*.zohopublic.com.au|zohopublic.jp|*.zohopublic.jp|zohopublic.ca|*.zohopublic.ca|zohopublic.sa|*.zohopublic.sa|us4-wss-accl.zoho.com|*.us4-wss-accl.zoho.com|us4-wss.zoho.com|*.us4-wss.zoho.com|us3-wss-accl.zoho.com|*.us3-wss-accl.zoho.com|us3-wss.zoho.com|*.us3-wss.zoho.com|in2-wss.zoho.in|*.in2-wss.zoho.in|in1-wss.zoho.in|*.in1-wss.zoho.in|eu1-wss.zoho.eu|*.eu1-wss.zoho.eu|eu2-wss.zoho.eu|*.eu2-wss.zoho.eu|cn2-wss.zoho.com.cn|*.cn2-wss.zoho.com.cn|cn3-wss.zoho.com.cn|*.cn3-wss.zoho.com.cn|au1-wss.zoho.com.au|*.au1-wss.zoho.com.au|au2-wss.zoho.com.au|*.au2-wss.zoho.com.au|jp1-wss.zoho.jp|*.jp1-wss.zoho.jp|jp2-wss.zoho.jp|*.jp2-wss.zoho.jp|ca1-wss.zohocloud.ca|*.ca1-wss.zohocloud.ca|ca2-wss.zohocloud.ca|*.ca2-wss.zohocloud.ca|sa1-wss.zoho.sa|*.sa1-wss.zoho.sa|sa2-wss.zoho.sa|*.sa2-wss.zoho.sa|in1-wss.arattai.in|*.in1-wss.arattai.in|in2-wss.arattai.in|*.in2-wss.arattai.in|preus4-wss.zoho.com|*.preus4-wss.zoho.com|preus3-wss.zoho.com|*.preus3-wss.zoho.com|us4-wss-pop.zoho.com|*.us4-wss-pop.zoho.com|us3-wss-pop.zoho.com|*.us3-wss-pop.zoho.com|in2-wss-pop.zoho.in|*.in2-wss-pop.zoho.in|in1-wss-pop.zoho.in|*.in1-wss-pop.zoho.in|eu1-wss-pop.zoho.eu|*.eu1-wss-pop.zoho.eu|eu2-wss-pop.zoho.eu|*.eu2-wss-pop.zoho.eu|cn2-wss-pop.zoho.com.cn|*.cn2-wss-pop.zoho.com.cn|cn3-wss-pop.zoho.com.cn|*.cn3-wss-pop.zoho.com.cn|au1-wss-pop.zoho.com.au|*.au1-wss-pop.zoho.com.au|au2-wss-pop.zoho.com.au|*.au2-wss-pop.zoho.com.au|jp1-wss-pop.zoho.jp|*.jp1-wss-pop.zoho.jp|jp2-wss-pop.zoho.jp|*.jp2-wss-pop.zoho.jp|ca1-wss-pop.zohocloud.ca|*.ca1-wss-pop.zohocloud.ca|ca2-wss-pop.zohocloud.ca|*.ca2-wss-pop.zohocloud.ca|sa1-wss-pop.zoho.sa|*.sa1-wss-pop.zoho.sa|sa2-wss-pop.zoho.sa|*.sa2-wss-pop.zoho.sa|in2-prewss-pop.zoho.in|*.in2-prewss-pop.zoho.in|in1-prewss-pop.zoho.in|*.in1-prewss-pop.zoho.in|us4-wss-vod.zoho.com|*.us4-wss-vod.zoho.com|us3-wss-vod.zoho.com|*.us3-wss-vod.zoho.com|in2-wss-vod.zoho.in|*.in2-wss-vod.zoho.in|in1-wss-vod.zoho.in|*.in1-wss-vod.zoho.in|eu1-wss-vod.zoho.eu|*.eu1-wss-vod.zoho.eu|eu2-wss-vod.zoho.eu|*.eu2-wss-vod.zoho.eu|cn2-wss-vod.zoho.com.cn|*.cn2-wss-vod.zoho.com.cn|cn3-wss-vod.zoho.com.cn|*.cn3-wss-vod.zoho.com.cn|au1-wss-vod.zoho.com.au|*.au1-wss-vod.zoho.com.au|au2-wss-vod.zoho.com.au|*.au2-wss-vod.zoho.com.au|jp1-wss-vod.zoho.jp|*.jp1-wss-vod.zoho.jp|jp2-wss-vod.zoho.jp|*.jp2-wss-vod.zoho.jp|ca1-wss-vod.zohocloud.ca|*.ca1-wss-vod.zohocloud.ca|ca2-wss-vod.zohocloud.ca|*.ca2-wss-vod.zohocloud.ca|sa1-wss-vod.zoho.sa|*.sa1-wss-vod.zoho.sa|sa2-wss-vod.zoho.sa|*.sa2-wss-vod.zoho.sa|in1-wss-vod.arattai.in|*.in1-wss-vod.arattai.in|in2-wss-vod.arattai.in|*.in2-wss-vod.arattai.in|us4-prewss-vod.zoho.com|*.us4-prewss-vod.zoho.com|us3-prewss-vod.zoho.com|*.us3-prewss-vod.zoho.com|zohoconference.com|*.zohoconference.com"/>
    <property name="java.class.version" value="65.0"/>
  </properties>
  <testcase name="shouldAnswerWithTrue" classname="TestingProjects.DemoQA.AppTest" time="0.049"/>
</testsuite>